TN:
SF:src/app.ts
FNF:0
FNH:0
DA:7,1
DA:8,1
DA:9,1
DA:11,1
DA:12,1
LF:5
LH:5
BRF:0
BRH:0
end_of_record
TN:
SF:src/database.ts
FNF:0
FNH:0
DA:3,2
DA:4,2
LF:2
LH:2
BRF:0
BRH:0
end_of_record
TN:
SF:src/controllers/recommendationController.ts
FN:6,insert
FN:17,upvote
FN:25,downvote
FN:33,random
FN:39,get
FN:44,getTop
FN:51,getById
FNF:7
FNH:7
FNDA:8,insert
FNDA:1,upvote
FNDA:8,downvote
FNDA:1,random
FNDA:1,get
FNDA:1,getTop
FNDA:4,getById
DA:7,8
DA:8,8
DA:9,2
DA:12,6
DA:14,6
DA:18,1
DA:20,1
DA:22,1
DA:26,8
DA:28,8
DA:30,7
DA:34,1
DA:36,1
DA:40,1
DA:41,1
DA:45,1
DA:47,1
DA:48,1
DA:52,4
DA:54,4
DA:55,4
DA:58,1
LF:22
LH:22
BRDA:8,0,0,2
BRF:1
BRH:1
end_of_record
TN:
SF:src/middlewares/errorHandlerMiddleware.ts
FN:8,errorHandlerMiddleware
FNF:1
FNH:1
FNDA:3,errorHandlerMiddleware
DA:14,3
DA:16,3
DA:17,3
DA:20,0
LF:4
LH:3
BRDA:16,0,0,3
BRF:1
BRH:1
end_of_record
TN:
SF:src/repositories/recommendationRepository.ts
FN:5,create
FN:16,findAll
FN:25,getAmountByScore
FN:32,getFindAllFilter
FN:44,find
FN:50,updateScore
FN:59,remove
FNF:7
FNH:7
FNDA:6,create
FNDA:2,findAll
FNDA:1,getAmountByScore
FNDA:2,getFindAllFilter
FNDA:20,find
FNDA:8,updateScore
FNDA:1,remove
DA:6,6
DA:17,2
DA:19,2
DA:26,1
DA:35,2
DA:37,1
DA:39,1
DA:45,20
DA:51,8
DA:60,1
DA:65,2
LF:11
LH:11
BRDA:35,0,0,1
BRF:1
BRH:1
end_of_record
TN:
SF:src/routers/recommendationRouter.ts
FNF:0
FNH:0
DA:4,1
DA:6,1
DA:7,1
DA:8,1
DA:9,1
DA:10,1
DA:11,1
DA:12,1
LF:8
LH:8
BRF:0
BRH:0
end_of_record
TN:
SF:src/schemas/recommendationsSchemas.ts
FNF:0
FNH:0
DA:4,1
DA:6,1
LF:2
LH:2
BRF:0
BRH:0
end_of_record
TN:
SF:src/services/recommendationsService.ts
FN:7,insert
FN:11,upvote
FN:18,downvote
FN:31,getById
FN:35,get
FN:39,getTop
FN:43,getRandom
FN:56,getByScore
FN:69,getScoreFilter
FNF:9
FNH:9
FNDA:6,insert
FNDA:2,upvote
FNDA:8,downvote
FNDA:4,getById
FNDA:1,get
FNDA:1,getTop
FNDA:2,getRandom
FNDA:2,getByScore
FNDA:2,getScoreFilter
DA:8,6
DA:12,2
DA:13,2
DA:15,1
DA:19,8
DA:20,8
DA:22,7
DA:24,7
DA:26,7
DA:27,1
DA:32,4
DA:36,1
DA:40,1
DA:44,2
DA:45,2
DA:47,2
DA:48,2
DA:49,1
DA:52,1
DA:53,1
DA:57,2
DA:62,2
DA:63,1
DA:66,1
DA:70,2
DA:71,1
DA:74,1
DA:77,2
LF:28
LH:28
BRDA:13,0,0,1
BRDA:20,1,0,1
BRDA:26,2,0,1
BRDA:48,3,0,1
BRDA:62,4,0,1
BRDA:70,5,0,1
BRF:6
BRH:6
end_of_record
TN:
SF:src/utils/errorUtils.ts
FN:7,isAppError
FN:11,errorTypeToStatusCode
FN:19,conflictError
FN:23,notFoundError
FN:27,unauthorizedError
FN:31,wrongSchemaError
FNF:6
FNH:4
FNDA:3,isAppError
FNDA:3,errorTypeToStatusCode
FNDA:0,conflictError
FNDA:3,notFoundError
FNDA:0,unauthorizedError
FNDA:2,wrongSchemaError
DA:8,3
DA:12,3
DA:13,3
DA:14,2
DA:15,2
DA:16,0
DA:20,0
DA:24,3
DA:28,0
DA:32,2
LF:10
LH:7
BRDA:12,0,0,0
BRDA:13,1,0,1
BRDA:14,2,0,0
BRDA:15,3,0,2
BRDA:20,4,0,0
BRDA:20,4,1,0
BRDA:20,5,0,0
BRDA:20,5,1,0
BRDA:24,6,0,0
BRDA:24,6,1,3
BRDA:24,7,0,3
BRDA:24,7,1,3
BRDA:28,8,0,0
BRDA:28,8,1,0
BRDA:28,9,0,0
BRDA:28,9,1,0
BRDA:32,10,0,0
BRDA:32,10,1,2
BRDA:32,11,0,2
BRDA:32,11,1,2
BRF:20
BRH:8
end_of_record
TN:
SF:tests/factories/RecommendationsFactory.ts
FN:6,createRecommendationBody
FN:12,createdRecommendation
FN:20,getRecommendationById
FN:23,getRecommendations
FN:26,generateRecommendations
FNF:5
FNH:5
FNDA:8,createRecommendationBody
FNDA:5,createdRecommendation
FNDA:4,getRecommendationById
FNDA:1,getRecommendations
FNDA:2,generateRecommendations
DA:7,8
DA:13,5
DA:14,5
DA:17,5
DA:21,4
DA:24,1
DA:27,2
LF:7
LH:7
BRF:0
BRH:0
end_of_record
